<?xml version="1.0" encoding="UTF-8"?>
<!-- Generated by org.testng.reporters.JUnitXMLReporter -->
<testsuite ignored="1" hostname="PTWB-IT-LAP-432" failures="0" tests="4" name="Personal loan" time="0.079" errors="0" timestamp="2025-10-19T13:35:14 IST">
  <testcase classname="test.day1" name="Ademo2" time="0.009"/>
  <testcase classname="test.day1" name="demo" time="0.003"/>
  <testcase classname="test.day3" name="mobiletest2" time="0.001"/>
  <testcase classname="test.day3" name="mobiletest" time="0.002"/>
  <testcase classname="test.day3" name="Apitest" time="0.0">
    <ignored/>
  </testcase> <!-- Apitest -->
</testsuite> <!-- Personal loan -->
