<?xml version="1.0" encoding="UTF-8"?>
<!-- Generated by org.testng.reporters.JUnitXMLReporter -->
<testsuite ignored="0" hostname="LAPTOP-E93TL7R0" failures="0" tests="7" name="Test" time="0.167" errors="0" timestamp="2026-02-01T16:27:26 IST">
  <testcase classname="test.day3" name="Apitest" time="0.014"/>
  <testcase classname="test.day3" name="mobiletest2" time="0.002"/>
  <testcase classname="test.day3" name="mobiletest" time="0.004"/>
  <testcase classname="test.day2" name="mobilelogin" time="0.002"/>
  <testcase classname="test.day2" name="mobilelogout" time="0.002"/>
  <testcase classname="test.day1" name="Ademo2" time="0.004"/>
  <testcase classname="test.day1" name="demo" time="0.002"/>
</testsuite> <!-- Test -->
